2020-10-16 10:43:02,558 - INFO - [TEST] No WiFi
2020-10-16 10:43:02,648 - INFO - [TEST] No WiFi
2020-10-16 10:43:02,750 - INFO - [TEST] No WiFi
2020-10-16 10:43:02,855 - INFO - [TEST] No WiFi
2020-10-16 10:43:02,947 - INFO - [TEST] No WiFi
2020-10-16 10:43:03,038 - INFO - [TEST] No WiFi
2020-10-16 10:43:03,128 - INFO - [TEST] No WiFi
2020-10-16 10:43:03,219 - INFO - [TEST] No WiFi
2020-10-16 10:43:03,310 - INFO - [TEST] No WiFi
2020-10-16 10:43:03,401 - INFO - [TEST] No WiFi
2020-10-16 10:43:03,492 - INFO - [TEST] No WiFi
2020-10-16 10:43:03,583 - INFO - [TEST] No WiFi
2020-10-16 10:43:03,673 - INFO - [TEST] No WiFi
2020-10-16 10:43:03,763 - INFO - [TEST] No WiFi
2020-10-16 10:43:03,854 - INFO - [TEST] No WiFi
2020-10-16 10:43:03,944 - INFO - [TEST] No WiFi
2020-10-16 10:43:04,033 - INFO - [TEST] No WiFi
2020-10-16 10:43:04,123 - INFO - [TEST] No WiFi
2020-10-16 10:43:04,215 - INFO - [TEST] No WiFi
2020-10-16 10:43:04,307 - INFO - [TEST] No WiFi
2020-10-16 10:43:04,408 - INFO - [TEST] No WiFi
2020-10-16 10:43:04,499 - INFO - [TEST] No WiFi
2020-10-16 10:43:04,588 - INFO - [TEST] No WiFi
2020-10-16 10:43:04,679 - INFO - [TEST] No WiFi
2020-10-16 10:43:04,770 - INFO - [TEST] No WiFi
2020-10-16 10:43:04,860 - INFO - [TEST] No WiFi
2020-10-16 10:43:04,950 - INFO - [TEST] No WiFi
2020-10-16 10:43:05,040 - INFO - [TEST] No WiFi
2020-10-16 10:43:05,130 - INFO - [TEST] No WiFi
2020-10-16 10:43:05,221 - INFO - [TEST] No WiFi
2020-10-16 10:43:05,312 - INFO - [TEST] No WiFi
2020-10-16 10:43:05,406 - INFO - [TEST] No WiFi
2020-10-16 10:43:05,497 - INFO - [TEST] No WiFi
2020-10-16 10:43:05,587 - INFO - [TEST] No WiFi
2020-10-16 10:43:05,677 - INFO - [TEST] No WiFi
2020-10-16 10:43:05,787 - INFO - [TEST] No WiFi
2020-10-16 10:43:05,876 - INFO - [TEST] No WiFi
2020-10-16 10:43:05,967 - INFO - [TEST] No WiFi
2020-10-16 10:43:06,056 - INFO - [TEST] No WiFi
2020-10-16 10:43:06,146 - INFO - [TEST] No WiFi
2020-10-16 10:43:06,236 - INFO - [TEST] No WiFi
2020-10-16 10:43:06,325 - INFO - [TEST] No WiFi
2020-10-16 10:43:06,416 - INFO - [TEST] No WiFi
2020-10-16 10:43:06,506 - INFO - [TEST] No WiFi
2020-10-16 10:43:06,599 - INFO - [TEST] No WiFi
2020-10-16 10:43:06,689 - INFO - [TEST] No WiFi
2020-10-16 10:43:06,779 - INFO - [TEST] No WiFi
2020-10-16 10:43:06,868 - INFO - [TEST] No WiFi
2020-10-16 10:43:06,959 - INFO - [TEST] No WiFi
2020-10-16 10:43:07,050 - INFO - [TEST] No WiFi
2020-10-16 10:43:07,140 - INFO - [TEST] No WiFi
2020-10-16 10:43:07,231 - INFO - [TEST] No WiFi
2020-10-16 10:43:07,324 - INFO - [TEST] No WiFi
2020-10-16 10:43:07,415 - INFO - [TEST] No WiFi
2020-10-16 10:43:07,505 - INFO - [TEST] No WiFi
2020-10-16 10:43:07,595 - INFO - [TEST] No WiFi
2020-10-16 10:43:07,685 - INFO - [TEST] No WiFi
2020-10-16 10:43:07,775 - INFO - [TEST] No WiFi
2020-10-16 10:43:07,866 - INFO - [TEST] No WiFi
2020-10-16 10:43:07,957 - INFO - [TEST] No WiFi
2020-10-16 10:43:08,047 - INFO - [TEST] No WiFi
2020-10-16 10:43:08,137 - INFO - [TEST] No WiFi
2020-10-16 10:43:08,228 - INFO - [TEST] No WiFi
2020-10-16 10:43:08,319 - INFO - [TEST] No WiFi
2020-10-16 10:43:08,411 - INFO - [TEST] No WiFi
2020-10-16 10:43:08,500 - INFO - [TEST] No WiFi
2020-10-16 10:43:08,591 - INFO - [TEST] No WiFi
2020-10-16 10:43:08,682 - INFO - [TEST] No WiFi
2020-10-16 10:43:08,773 - INFO - [TEST] No WiFi
2020-10-16 10:43:08,864 - INFO - [TEST] No WiFi
2020-10-16 10:43:08,955 - INFO - [TEST] No WiFi
2020-10-16 10:43:09,045 - INFO - [TEST] No WiFi
2020-10-16 10:43:09,135 - INFO - [TEST] No WiFi
2020-10-16 10:43:09,225 - INFO - [TEST] No WiFi
2020-10-16 10:43:09,316 - INFO - [TEST] No WiFi
2020-10-16 10:43:09,407 - INFO - [TEST] No WiFi
2020-10-16 10:43:09,497 - INFO - [TEST] No WiFi
2020-10-16 10:43:09,588 - INFO - [TEST] No WiFi
2020-10-16 10:43:09,679 - INFO - [TEST] No WiFi
2020-10-16 10:43:09,769 - INFO - [TEST] No WiFi
2020-10-16 10:43:09,859 - INFO - [TEST] No WiFi
2020-10-16 10:43:09,951 - INFO - [TEST] No WiFi
2020-10-16 10:43:10,042 - INFO - [TEST] No WiFi
2020-10-16 10:43:10,132 - INFO - [TEST] No WiFi
2020-10-16 10:43:10,223 - INFO - [TEST] No WiFi
2020-10-16 10:43:10,316 - INFO - [TEST] No WiFi
2020-10-16 10:43:10,406 - INFO - [TEST] No WiFi
2020-10-16 10:43:10,498 - INFO - [TEST] No WiFi
2020-10-16 10:43:10,589 - INFO - [TEST] No WiFi
2020-10-16 10:43:10,679 - INFO - [TEST] No WiFi
2020-10-16 10:43:10,770 - INFO - [TEST] No WiFi
2020-10-16 10:43:10,862 - INFO - [TEST] No WiFi
2020-10-16 10:43:10,952 - INFO - [TEST] No WiFi
2020-10-16 10:43:11,043 - INFO - [TEST] No WiFi
2020-10-16 10:43:11,133 - INFO - [TEST] No WiFi
2020-10-16 10:43:11,224 - INFO - [TEST] No WiFi
2020-10-16 10:43:11,317 - INFO - [TEST] No WiFi
2020-10-16 10:43:11,409 - INFO - [TEST] No WiFi
2020-10-16 10:43:11,499 - INFO - [TEST] No WiFi
2020-10-16 10:43:11,590 - INFO - [TEST] No WiFi
2020-10-16 10:43:11,681 - INFO - [TEST] No WiFi
2020-10-16 10:43:11,772 - INFO - [TEST] No WiFi
2020-10-16 10:43:11,862 - INFO - [TEST] No WiFi
2020-10-16 10:43:11,953 - INFO - [TEST] No WiFi
2020-10-16 10:43:12,045 - INFO - [TEST] No WiFi
2020-10-16 10:43:12,136 - INFO - [TEST] No WiFi
2020-10-16 10:43:12,227 - INFO - [TEST] No WiFi
2020-10-16 10:43:12,317 - INFO - [TEST] No WiFi
2020-10-16 10:43:12,408 - INFO - [TEST] No WiFi
2020-10-16 10:43:12,499 - INFO - [TEST] No WiFi
2020-10-16 10:43:12,589 - INFO - [TEST] No WiFi
2020-10-16 10:43:12,679 - INFO - [TEST] No WiFi
2020-10-16 10:43:12,772 - INFO - [TEST] No WiFi
2020-10-16 10:43:12,863 - INFO - [TEST] No WiFi
2020-10-16 10:43:12,953 - INFO - [TEST] No WiFi
2020-10-16 10:43:13,043 - INFO - [TEST] No WiFi
2020-10-16 10:43:13,133 - INFO - [TEST] No WiFi
2020-10-16 10:43:13,226 - INFO - [TEST] No WiFi
2020-10-16 10:43:13,318 - INFO - [TEST] No WiFi
2020-10-16 10:43:13,409 - INFO - [TEST] No WiFi
2020-10-16 10:43:13,499 - INFO - [TEST] No WiFi
2020-10-16 10:43:13,590 - INFO - [TEST] No WiFi
2020-10-16 10:43:13,680 - INFO - [TEST] No WiFi
2020-10-16 10:43:13,771 - INFO - [TEST] No WiFi
2020-10-16 10:43:13,862 - INFO - [TEST] No WiFi
2020-10-16 10:43:13,951 - INFO - [TEST] No WiFi
2020-10-16 10:43:14,042 - INFO - [TEST] No WiFi
2020-10-16 10:43:14,131 - INFO - [TEST] No WiFi
2020-10-16 10:43:14,222 - INFO - [TEST] No WiFi
2020-10-16 10:43:14,312 - INFO - [TEST] No WiFi
2020-10-16 10:43:14,403 - INFO - [TEST] No WiFi
2020-10-16 10:43:14,491 - INFO - [TEST] No WiFi
2020-10-16 10:43:14,582 - INFO - [TEST] No WiFi
2020-10-16 10:43:14,672 - INFO - [TEST] No WiFi
2020-10-16 10:43:14,762 - INFO - [TEST] No WiFi
2020-10-16 10:43:14,854 - INFO - [TEST] No WiFi
2020-10-16 10:43:14,944 - INFO - [TEST] No WiFi
2020-10-16 10:43:15,036 - INFO - [TEST] No WiFi
2020-10-16 10:43:15,126 - INFO - [TEST] No WiFi
2020-10-16 10:43:15,216 - INFO - [TEST] No WiFi
2020-10-16 10:43:15,307 - INFO - [TEST] No WiFi
2020-10-16 10:43:15,398 - INFO - [TEST] No WiFi
2020-10-16 10:43:15,488 - INFO - [TEST] No WiFi
2020-10-16 10:43:15,578 - INFO - [TEST] No WiFi
2020-10-16 10:43:15,669 - INFO - [TEST] No WiFi
2020-10-16 10:43:15,759 - INFO - [TEST] No WiFi
2020-10-16 10:43:15,850 - INFO - [TEST] No WiFi
2020-10-16 10:43:15,941 - INFO - [TEST] No WiFi
2020-10-16 10:43:16,031 - INFO - [TEST] No WiFi
2020-10-16 10:43:16,122 - INFO - [TEST] No WiFi
2020-10-16 10:43:16,212 - INFO - [TEST] No WiFi
2020-10-16 10:43:16,304 - INFO - [TEST] No WiFi
2020-10-16 10:43:16,394 - INFO - [TEST] No WiFi
2020-10-16 10:43:16,486 - INFO - [TEST] No WiFi
2020-10-16 10:43:16,576 - INFO - [TEST] No WiFi
2020-10-16 10:43:16,666 - INFO - [TEST] No WiFi
2020-10-16 10:43:16,756 - INFO - [TEST] No WiFi
2020-10-16 10:43:16,848 - INFO - [TEST] No WiFi
2020-10-16 10:43:16,938 - INFO - [TEST] No WiFi
2020-10-16 10:43:17,029 - INFO - [TEST] No WiFi
2020-10-16 10:43:17,119 - INFO - [TEST] No WiFi
2020-10-16 10:43:17,208 - INFO - [TEST] No WiFi
2020-10-16 10:43:17,301 - INFO - [TEST] No WiFi
2020-10-16 10:43:17,391 - INFO - [TEST] No WiFi
2020-10-16 10:43:17,482 - INFO - [TEST] No WiFi
2020-10-16 10:43:17,572 - INFO - [TEST] No WiFi
2020-10-16 10:43:17,662 - INFO - [TEST] No WiFi
2020-10-16 10:43:17,751 - INFO - [TEST] No WiFi
2020-10-16 10:43:17,842 - INFO - [TEST] No WiFi
2020-10-16 10:43:17,932 - INFO - [TEST] No WiFi
2020-10-16 10:43:18,024 - INFO - [TEST] No WiFi
2020-10-16 10:43:18,114 - INFO - [TEST] No WiFi
2020-10-16 10:43:18,204 - INFO - [TEST] No WiFi
2020-10-16 10:43:18,295 - INFO - [TEST] No WiFi
2020-10-16 10:43:18,387 - INFO - [TEST] No WiFi
2020-10-16 10:43:18,478 - INFO - [TEST] No WiFi
2020-10-16 10:43:18,567 - INFO - [TEST] No WiFi
2020-10-16 10:43:18,659 - INFO - [TEST] No WiFi
2020-10-16 10:43:18,750 - INFO - [TEST] No WiFi
2020-10-16 10:43:18,840 - INFO - [TEST] No WiFi
2020-10-16 10:43:18,930 - INFO - [TEST] No WiFi
2020-10-16 10:43:19,020 - INFO - [TEST] No WiFi
2020-10-16 10:43:19,110 - INFO - [TEST] No WiFi
2020-10-16 10:43:19,200 - INFO - [TEST] No WiFi
2020-10-16 10:43:19,290 - INFO - [TEST] No WiFi
2020-10-16 10:43:19,383 - INFO - [TEST] No WiFi
2020-10-16 10:43:19,473 - INFO - [TEST] No WiFi
2020-10-16 10:43:19,562 - INFO - [TEST] No WiFi
2020-10-16 10:43:19,652 - INFO - [TEST] No WiFi
2020-10-16 10:43:19,741 - INFO - [TEST] No WiFi
2020-10-16 10:43:19,833 - INFO - [TEST] No WiFi
2020-10-16 10:43:19,923 - INFO - [TEST] No WiFi
2020-10-16 10:43:20,014 - INFO - [TEST] No WiFi
2020-10-16 10:43:20,103 - INFO - [TEST] No WiFi
2020-10-16 10:43:20,195 - INFO - [TEST] No WiFi
2020-10-16 10:43:20,288 - INFO - [TEST] No WiFi
2020-10-16 10:43:20,379 - INFO - [TEST] No WiFi
2020-10-16 10:43:20,470 - INFO - [TEST] No WiFi
2020-10-16 10:43:20,560 - INFO - [TEST] No WiFi
2020-10-16 10:43:20,650 - INFO - [TEST] No WiFi
2020-10-16 10:43:20,741 - INFO - [TEST] No WiFi
2020-10-16 10:43:20,832 - INFO - [TEST] No WiFi
2020-10-16 10:43:20,924 - INFO - [TEST] No WiFi
2020-10-16 10:43:21,014 - INFO - [TEST] No WiFi
2020-10-16 10:43:21,106 - INFO - [TEST] No WiFi
2020-10-16 10:43:21,195 - INFO - [TEST] No WiFi
2020-10-16 10:43:21,285 - INFO - [TEST] No WiFi
2020-10-16 10:43:21,375 - INFO - [TEST] No WiFi
2020-10-16 10:43:21,466 - INFO - [TEST] No WiFi
2020-10-16 10:43:21,556 - INFO - [TEST] No WiFi
2020-10-16 10:43:21,647 - INFO - [TEST] No WiFi
2020-10-16 10:43:21,738 - INFO - [TEST] No WiFi
2020-10-16 10:43:21,830 - INFO - [TEST] No WiFi
2020-10-16 10:43:21,920 - INFO - [TEST] No WiFi
2020-10-16 10:43:22,010 - INFO - [TEST] No WiFi
2020-10-16 10:43:22,100 - INFO - [TEST] No WiFi
2020-10-16 10:43:22,190 - INFO - [TEST] No WiFi
2020-10-16 10:43:22,280 - INFO - [TEST] No WiFi
2020-10-16 10:43:22,370 - INFO - [TEST] No WiFi
2020-10-16 10:43:22,461 - INFO - [TEST] No WiFi
2020-10-16 10:43:22,552 - INFO - [TEST] No WiFi
2020-10-16 10:43:22,643 - INFO - [TEST] No WiFi
2020-10-16 10:43:22,733 - INFO - [TEST] No WiFi
2020-10-16 10:43:22,823 - INFO - [TEST] No WiFi
2020-10-16 10:43:22,917 - INFO - [TEST] No WiFi
2020-10-16 10:43:23,006 - INFO - [TEST] No WiFi
2020-10-16 10:43:23,096 - INFO - [TEST] No WiFi
2020-10-16 10:43:23,186 - INFO - [TEST] No WiFi
2020-10-16 10:43:23,276 - INFO - [TEST] No WiFi
2020-10-16 10:43:23,369 - INFO - [TEST] No WiFi
2020-10-16 10:43:23,460 - INFO - [TEST] No WiFi
2020-10-16 10:43:23,551 - INFO - [TEST] No WiFi
2020-10-16 10:43:23,642 - INFO - [TEST] No WiFi
2020-10-16 10:43:23,733 - INFO - [TEST] No WiFi
2020-10-16 10:43:23,823 - INFO - [TEST] No WiFi
2020-10-16 10:43:23,913 - INFO - [TEST] No WiFi
2020-10-16 10:43:24,005 - INFO - [TEST] No WiFi
2020-10-16 10:43:24,096 - INFO - [TEST] No WiFi
2020-10-16 10:43:24,186 - INFO - [TEST] No WiFi
2020-10-16 10:43:24,277 - INFO - [TEST] No WiFi
2020-10-16 10:43:24,368 - INFO - [TEST] No WiFi
2020-10-16 10:43:24,459 - INFO - [TEST] No WiFi
2020-10-16 10:43:24,550 - INFO - [TEST] No WiFi
2020-10-16 10:43:24,639 - INFO - [TEST] No WiFi
2020-10-16 10:43:24,731 - INFO - [TEST] No WiFi
2020-10-16 10:43:24,820 - INFO - [TEST] No WiFi
2020-10-16 10:43:24,910 - INFO - [TEST] No WiFi
2020-10-16 10:43:25,000 - INFO - [TEST] No WiFi
2020-10-16 10:43:25,092 - INFO - [TEST] No WiFi
2020-10-16 10:43:25,183 - INFO - [TEST] No WiFi
2020-10-16 10:43:25,274 - INFO - [TEST] No WiFi
2020-10-16 10:43:25,366 - INFO - [TEST] No WiFi
2020-10-16 10:43:25,455 - INFO - [TEST] No WiFi
2020-10-16 10:43:25,547 - INFO - [TEST] No WiFi
2020-10-16 10:43:25,637 - INFO - [TEST] No WiFi
2020-10-16 10:43:25,727 - INFO - [TEST] No WiFi
2020-10-16 10:43:25,818 - INFO - [TEST] No WiFi
2020-10-16 10:43:25,908 - INFO - [TEST] No WiFi
2020-10-16 10:43:25,998 - INFO - [TEST] No WiFi
2020-10-16 10:43:26,088 - INFO - [TEST] No WiFi
2020-10-16 10:43:26,179 - INFO - [TEST] No WiFi
2020-10-16 10:43:26,268 - INFO - [TEST] No WiFi
2020-10-16 10:43:26,359 - INFO - [TEST] No WiFi
2020-10-16 10:43:26,449 - INFO - [TEST] No WiFi
2020-10-16 10:43:26,540 - INFO - [TEST] No WiFi
2020-10-16 10:43:26,630 - INFO - [TEST] No WiFi
2020-10-16 10:43:26,721 - INFO - [TEST] No WiFi
2020-10-16 10:43:26,811 - INFO - [TEST] No WiFi
2020-10-16 10:43:26,901 - INFO - [TEST] No WiFi
2020-10-16 10:43:26,991 - INFO - [TEST] No WiFi
2020-10-16 10:43:27,082 - INFO - [TEST] No WiFi
2020-10-16 10:43:27,171 - INFO - [TEST] No WiFi
2020-10-16 10:43:27,262 - INFO - [TEST] No WiFi
2020-10-16 10:43:27,352 - INFO - [TEST] No WiFi
2020-10-16 10:43:27,443 - INFO - [TEST] No WiFi
2020-10-16 10:43:27,533 - INFO - [TEST] No WiFi
2020-10-16 10:43:27,623 - INFO - [TEST] No WiFi
2020-10-16 10:43:27,714 - INFO - [TEST] No WiFi
2020-10-16 10:43:27,803 - INFO - [TEST] No WiFi
2020-10-16 10:43:27,894 - INFO - [TEST] No WiFi
2020-10-16 10:43:27,985 - INFO - [TEST] No WiFi
2020-10-16 10:43:28,074 - INFO - [TEST] No WiFi
2020-10-16 10:43:28,166 - INFO - [TEST] No WiFi
2020-10-16 10:43:28,255 - INFO - [TEST] No WiFi
2020-10-16 10:43:28,349 - INFO - [TEST] No WiFi
2020-10-16 10:43:28,440 - INFO - [TEST] No WiFi
2020-10-16 10:43:28,531 - INFO - [TEST] No WiFi
2020-10-16 10:43:28,621 - INFO - [TEST] No WiFi
2020-10-16 10:43:28,712 - INFO - [TEST] No WiFi
2020-10-16 10:43:28,803 - INFO - [TEST] No WiFi
2020-10-16 10:43:28,895 - INFO - [TEST] No WiFi
2020-10-16 10:43:28,986 - INFO - [TEST] No WiFi
2020-10-16 10:43:29,075 - INFO - [TEST] No WiFi
2020-10-16 10:43:29,166 - INFO - [TEST] No WiFi
2020-10-16 10:43:29,256 - INFO - [TEST] No WiFi
2020-10-16 10:43:29,348 - INFO - [TEST] No WiFi
2020-10-16 10:43:29,439 - INFO - [TEST] No WiFi
2020-10-16 10:43:29,531 - INFO - [TEST] No WiFi
2020-10-16 10:43:29,622 - INFO - [TEST] No WiFi
2020-10-16 10:43:29,713 - INFO - [TEST] No WiFi
2020-10-16 10:43:29,803 - INFO - [TEST] No WiFi
2020-10-16 10:43:29,894 - INFO - [TEST] No WiFi
2020-10-16 10:43:29,985 - INFO - [TEST] No WiFi
2020-10-16 10:43:30,075 - INFO - [TEST] No WiFi
2020-10-16 10:43:30,165 - INFO - [TEST] No WiFi
2020-10-16 10:43:30,256 - INFO - [TEST] No WiFi
2020-10-16 10:43:30,346 - INFO - [TEST] No WiFi
2020-10-16 10:43:30,437 - INFO - [TEST] No WiFi
2020-10-16 10:43:30,528 - INFO - [TEST] No WiFi
2020-10-16 10:43:30,618 - INFO - [TEST] No WiFi
2020-10-16 10:43:30,708 - INFO - [TEST] No WiFi
2020-10-16 10:43:30,797 - INFO - [TEST] No WiFi
2020-10-16 10:43:30,888 - INFO - [TEST] No WiFi
2020-10-16 10:43:30,979 - INFO - [TEST] No WiFi
2020-10-16 10:43:31,071 - INFO - [TEST] No WiFi
2020-10-16 10:43:31,161 - INFO - [TEST] No WiFi
2020-10-16 10:43:31,251 - INFO - [TEST] No WiFi
2020-10-16 10:43:31,347 - INFO - [TEST] No WiFi
2020-10-16 10:43:31,437 - INFO - [TEST] No WiFi
2020-10-16 10:43:31,527 - INFO - [TEST] No WiFi
2020-10-16 10:43:31,617 - INFO - [TEST] No WiFi
2020-10-16 10:43:31,707 - INFO - [TEST] No WiFi
2020-10-16 10:43:31,797 - INFO - [TEST] No WiFi
2020-10-16 10:43:31,887 - INFO - [TEST] No WiFi
2020-10-16 10:43:31,978 - INFO - [TEST] No WiFi
2020-10-16 10:43:32,069 - INFO - [TEST] No WiFi
2020-10-16 10:43:32,161 - INFO - [TEST] No WiFi
2020-10-16 10:43:32,252 - INFO - [TEST] No WiFi
2020-10-16 10:43:32,344 - INFO - [TEST] No WiFi
2020-10-16 10:43:32,434 - INFO - [TEST] No WiFi
2020-10-16 10:43:32,524 - INFO - [TEST] No WiFi
2020-10-16 10:43:32,626 - INFO - [TEST] No WiFi
2020-10-16 10:43:32,716 - INFO - [TEST] No WiFi
2020-10-16 10:43:32,807 - INFO - [TEST] No WiFi
2020-10-16 10:43:32,899 - INFO - [TEST] No WiFi
2020-10-16 10:43:32,990 - INFO - [TEST] No WiFi
2020-10-16 10:43:33,081 - INFO - [TEST] No WiFi
2020-10-16 10:43:33,172 - INFO - [TEST] No WiFi
2020-10-16 10:43:33,263 - INFO - [TEST] No WiFi
2020-10-16 10:43:33,354 - INFO - [TEST] No WiFi
2020-10-16 10:43:33,445 - INFO - [TEST] No WiFi
2020-10-16 10:43:33,536 - INFO - [TEST] No WiFi
2020-10-16 10:43:33,626 - INFO - [TEST] No WiFi
2020-10-16 10:43:33,717 - INFO - [TEST] No WiFi
2020-10-16 10:43:33,809 - INFO - [TEST] No WiFi
2020-10-16 10:43:33,900 - INFO - [TEST] No WiFi
2020-10-16 10:43:34,000 - INFO - [TEST] No WiFi
2020-10-16 10:43:34,090 - INFO - [TEST] No WiFi
2020-10-16 10:43:34,180 - INFO - [TEST] No WiFi
2020-10-16 10:43:34,271 - INFO - [TEST] No WiFi
2020-10-16 10:43:34,362 - INFO - [TEST] No WiFi
2020-10-16 10:43:34,454 - INFO - [TEST] No WiFi
2020-10-16 10:43:34,544 - INFO - [TEST] No WiFi
2020-10-16 10:43:34,634 - INFO - [TEST] No WiFi
2020-10-16 10:43:34,725 - INFO - [TEST] No WiFi
2020-10-16 10:43:34,816 - INFO - [TEST] No WiFi
2020-10-16 10:43:34,906 - INFO - [TEST] No WiFi
2020-10-16 10:43:34,998 - INFO - [TEST] No WiFi
2020-10-16 10:43:35,089 - INFO - [TEST] No WiFi
2020-10-16 10:43:35,179 - INFO - [TEST] No WiFi
2020-10-16 10:43:35,269 - INFO - [TEST] No WiFi
2020-10-16 10:43:35,361 - INFO - [TEST] No WiFi
2020-10-16 10:43:35,454 - INFO - [TEST] No WiFi
2020-10-16 10:43:35,545 - INFO - [TEST] No WiFi
2020-10-16 10:43:35,635 - INFO - [TEST] No WiFi
2020-10-16 10:43:35,725 - INFO - [TEST] No WiFi
2020-10-16 10:43:35,814 - INFO - [TEST] No WiFi
2020-10-16 10:43:35,907 - INFO - [TEST] No WiFi
2020-10-16 10:43:35,998 - INFO - [TEST] No WiFi
2020-10-16 10:43:36,088 - INFO - [TEST] No WiFi
2020-10-16 10:43:36,180 - INFO - [TEST] No WiFi
2020-10-16 10:43:36,270 - INFO - [TEST] No WiFi
2020-10-16 10:43:36,361 - INFO - [TEST] No WiFi
2020-10-16 10:43:36,452 - INFO - [TEST] No WiFi
2020-10-16 10:43:36,542 - INFO - [TEST] No WiFi
2020-10-16 10:43:36,633 - INFO - [TEST] No WiFi
2020-10-16 10:43:36,724 - INFO - [TEST] No WiFi
2020-10-16 10:43:36,815 - INFO - [TEST] No WiFi
2020-10-16 10:43:36,905 - INFO - [TEST] No WiFi
2020-10-16 10:43:36,996 - INFO - [TEST] No WiFi
2020-10-16 10:43:37,086 - INFO - [TEST] No WiFi
2020-10-16 10:43:37,176 - INFO - [TEST] No WiFi
2020-10-16 10:43:37,266 - INFO - [TEST] No WiFi
2020-10-16 10:43:37,357 - INFO - [TEST] No WiFi
2020-10-16 10:43:37,447 - INFO - [TEST] No WiFi
2020-10-16 10:43:37,538 - INFO - [TEST] No WiFi
2020-10-16 10:43:37,628 - INFO - [TEST] No WiFi
2020-10-16 10:43:37,719 - INFO - [TEST] No WiFi
2020-10-16 10:43:37,809 - INFO - [TEST] No WiFi
2020-10-16 10:43:37,901 - INFO - [TEST] No WiFi
2020-10-16 10:43:37,993 - INFO - [TEST] No WiFi
2020-10-16 10:43:38,084 - INFO - [TEST] No WiFi
2020-10-16 10:43:38,175 - INFO - [TEST] No WiFi
2020-10-16 10:43:38,266 - INFO - [TEST] No WiFi
2020-10-16 10:43:38,356 - INFO - [TEST] No WiFi
2020-10-16 10:43:38,446 - INFO - [TEST] No WiFi
2020-10-16 10:43:38,536 - INFO - [TEST] No WiFi
2020-10-16 10:43:38,628 - INFO - [TEST] No WiFi
2020-10-16 10:43:38,719 - INFO - [TEST] No WiFi
2020-10-16 10:43:38,809 - INFO - [TEST] No WiFi
2020-10-16 10:43:38,899 - INFO - [TEST] No WiFi
2020-10-16 10:43:38,989 - INFO - [TEST] No WiFi
2020-10-16 10:43:39,080 - INFO - [TEST] No WiFi
2020-10-16 10:43:39,172 - INFO - [TEST] No WiFi
2020-10-16 10:43:39,263 - INFO - [TEST] No WiFi
2020-10-16 10:43:39,354 - INFO - [TEST] No WiFi
2020-10-16 10:43:39,445 - INFO - [TEST] No WiFi
2020-10-16 10:43:39,536 - INFO - [TEST] No WiFi
2020-10-16 10:43:39,627 - INFO - [TEST] No WiFi
2020-10-16 10:43:39,716 - INFO - [TEST] No WiFi
2020-10-16 10:43:39,808 - INFO - [TEST] No WiFi
2020-10-16 10:43:39,897 - INFO - [TEST] No WiFi
2020-10-16 10:43:39,987 - INFO - [TEST] No WiFi
2020-10-16 10:43:40,079 - INFO - [TEST] No WiFi
2020-10-16 10:43:40,172 - INFO - [TEST] No WiFi
2020-10-16 10:43:40,263 - INFO - [TEST] No WiFi
2020-10-16 10:43:40,357 - INFO - [TEST] No WiFi
2020-10-16 10:43:40,450 - INFO - [TEST] No WiFi
2020-10-16 10:43:40,541 - INFO - [TEST] No WiFi
2020-10-16 10:43:40,631 - INFO - [TEST] No WiFi
2020-10-16 10:43:40,722 - INFO - [TEST] No WiFi
2020-10-16 10:43:40,821 - INFO - [TEST] No WiFi
2020-10-16 10:43:40,912 - INFO - [TEST] No WiFi
2020-10-16 10:43:41,004 - INFO - [TEST] No WiFi
2020-10-16 10:43:41,095 - INFO - [TEST] No WiFi
2020-10-16 10:43:41,186 - INFO - [TEST] No WiFi
2020-10-16 10:43:41,277 - INFO - [TEST] No WiFi
2020-10-16 10:43:41,369 - INFO - [TEST] No WiFi
2020-10-16 10:43:41,471 - INFO - [TEST] No WiFi
2020-10-16 10:43:41,561 - INFO - [TEST] No WiFi
2020-10-16 10:43:41,651 - INFO - [TEST] No WiFi
2020-10-16 10:43:41,744 - INFO - [TEST] No WiFi
2020-10-16 10:43:41,834 - INFO - [TEST] No WiFi
2020-10-16 10:43:41,925 - INFO - [TEST] No WiFi
2020-10-16 10:43:42,015 - INFO - [TEST] No WiFi
2020-10-16 10:43:42,105 - INFO - [TEST] No WiFi
2020-10-16 10:43:42,197 - INFO - [TEST] No WiFi
2020-10-16 10:43:42,288 - INFO - [TEST] No WiFi
2020-10-16 10:43:42,378 - INFO - [TEST] No WiFi
2020-10-16 10:43:42,469 - INFO - [TEST] No WiFi
2020-10-16 10:43:42,559 - INFO - [TEST] No WiFi
2020-10-16 10:43:42,649 - INFO - [TEST] No WiFi
2020-10-16 10:43:42,739 - INFO - [TEST] No WiFi
2020-10-16 10:43:42,831 - INFO - [TEST] No WiFi
2020-10-16 10:43:42,921 - INFO - [TEST] No WiFi
2020-10-16 10:43:43,011 - INFO - [TEST] No WiFi
2020-10-16 10:43:43,101 - INFO - [TEST] No WiFi
2020-10-16 10:43:43,192 - INFO - [TEST] No WiFi
2020-10-16 10:43:43,282 - INFO - [TEST] No WiFi
2020-10-16 10:43:43,375 - INFO - [TEST] No WiFi
2020-10-16 10:43:43,467 - INFO - [TEST] No WiFi
2020-10-16 10:43:43,557 - INFO - [TEST] No WiFi
2020-10-16 10:43:43,648 - INFO - [TEST] No WiFi
2020-10-16 10:43:43,739 - INFO - [TEST] No WiFi
2020-10-16 10:43:43,829 - INFO - [TEST] No WiFi
2020-10-16 10:43:43,919 - INFO - [TEST] No WiFi
2020-10-16 10:43:44,010 - INFO - [TEST] No WiFi
2020-10-16 10:43:44,099 - INFO - [TEST] No WiFi
2020-10-16 10:43:44,189 - INFO - [TEST] No WiFi
2020-10-16 10:43:44,281 - INFO - [TEST] No WiFi
2020-10-16 10:43:44,371 - INFO - [TEST] No WiFi
2020-10-16 10:43:44,463 - INFO - [TEST] No WiFi
2020-10-16 10:43:44,554 - INFO - [TEST] No WiFi
2020-10-16 10:43:44,645 - INFO - [TEST] No WiFi
2020-10-16 10:43:44,735 - INFO - [TEST] No WiFi
2020-10-16 10:43:44,826 - INFO - [TEST] No WiFi
2020-10-16 10:43:44,917 - INFO - [TEST] No WiFi
2020-10-16 10:43:45,007 - INFO - [TEST] No WiFi
2020-10-16 10:43:45,097 - INFO - [TEST] No WiFi
2020-10-16 10:43:45,187 - INFO - [TEST] No WiFi
2020-10-16 10:43:45,278 - INFO - [TEST] No WiFi
2020-10-16 10:43:45,367 - INFO - [TEST] No WiFi
2020-10-16 10:43:45,458 - INFO - [TEST] No WiFi
2020-10-16 10:43:45,548 - INFO - [TEST] No WiFi
2020-10-16 10:43:45,639 - INFO - [TEST] No WiFi
2020-10-16 10:43:45,730 - INFO - [TEST] No WiFi
2020-10-16 10:43:45,821 - INFO - [TEST] No WiFi
2020-10-16 10:43:45,911 - INFO - [TEST] No WiFi
2020-10-16 10:43:46,002 - INFO - [TEST] No WiFi
2020-10-16 10:43:46,092 - INFO - [TEST] No WiFi
2020-10-16 11:15:20,492 - INFO - [TEST] No WiFi
2020-10-16 11:15:20,574 - INFO - [TEST] No WiFi
2020-10-16 11:15:20,655 - INFO - [TEST] No WiFi
2020-10-16 11:15:20,736 - INFO - [TEST] No WiFi
2020-10-16 11:15:20,817 - INFO - [TEST] No WiFi
2020-10-16 11:15:20,900 - INFO - [TEST] No WiFi
2020-10-16 11:15:20,979 - INFO - [TEST] No WiFi
2020-10-16 11:15:21,061 - INFO - [TEST] No WiFi
2020-10-16 11:15:21,143 - INFO - [TEST] No WiFi
2020-10-16 11:15:21,224 - INFO - [TEST] No WiFi
2020-10-16 11:15:21,308 - INFO - [TEST] No WiFi
2020-10-16 11:15:21,388 - INFO - [TEST] No WiFi
2020-10-16 11:15:21,469 - INFO - [TEST] No WiFi
2020-10-16 11:15:21,551 - INFO - [TEST] No WiFi
2020-10-16 11:15:21,634 - INFO - [TEST] No WiFi
2020-10-16 11:15:21,717 - INFO - [TEST] No WiFi
2020-10-16 11:15:21,798 - INFO - [TEST] No WiFi
2020-10-16 11:15:21,879 - INFO - [TEST] No WiFi
2020-10-16 11:15:21,964 - INFO - [TEST] No WiFi
2020-10-16 11:15:22,050 - INFO - [TEST] No WiFi
2020-10-16 11:15:22,134 - INFO - [TEST] No WiFi
2020-10-16 11:15:22,215 - INFO - [TEST] No WiFi
2020-10-16 11:15:22,301 - INFO - [TEST] No WiFi
2020-10-16 11:15:22,380 - INFO - [TEST] No WiFi
2020-10-16 11:15:22,460 - INFO - [TEST] No WiFi
2020-10-16 11:15:22,542 - INFO - [TEST] No WiFi
2020-10-16 11:15:22,626 - INFO - [TEST] No WiFi
2020-10-19 10:49:22,524 - INFO - [TEST] No WiFi
2020-10-19 10:49:22,614 - INFO - [TEST] No WiFi
2020-10-19 10:49:22,699 - INFO - [TEST] No WiFi
2020-10-19 10:49:22,785 - INFO - [TEST] No WiFi
2020-10-19 10:49:22,870 - INFO - [TEST] No WiFi
2020-10-19 10:49:22,958 - INFO - [TEST] No WiFi
2020-10-19 10:49:23,044 - INFO - [TEST] No WiFi
2020-10-19 10:49:23,129 - INFO - [TEST] No WiFi
2020-10-19 10:49:23,215 - INFO - [TEST] No WiFi
2020-10-19 10:49:23,301 - INFO - [TEST] No WiFi
2020-10-19 10:49:23,387 - INFO - [TEST] No WiFi
2020-10-19 10:49:23,473 - INFO - [TEST] No WiFi
2020-10-19 10:49:23,558 - INFO - [TEST] No WiFi
2020-10-19 10:49:23,644 - INFO - [TEST] No WiFi
2020-10-19 10:49:23,729 - INFO - [TEST] No WiFi
2020-10-19 10:49:23,814 - INFO - [TEST] No WiFi
2020-10-19 10:49:23,902 - INFO - [TEST] No WiFi
2020-10-19 10:49:23,990 - INFO - [TEST] No WiFi
2020-10-19 10:49:24,078 - INFO - [TEST] No WiFi
2020-10-19 10:49:24,165 - INFO - [TEST] No WiFi
2020-10-19 10:49:24,253 - INFO - [TEST] No WiFi
2020-10-19 10:49:24,340 - INFO - [TEST] No WiFi
2020-10-19 10:49:24,427 - INFO - [TEST] No WiFi
2020-10-19 10:49:24,515 - INFO - [TEST] No WiFi
2020-10-19 10:49:24,602 - INFO - [TEST] No WiFi
2020-10-19 10:49:24,690 - INFO - [TEST] No WiFi
2020-10-19 10:49:24,777 - INFO - [TEST] No WiFi
2020-10-19 10:49:24,864 - INFO - [TEST] No WiFi
2020-10-19 10:49:24,951 - INFO - [TEST] No WiFi
2020-10-19 10:49:25,039 - INFO - [TEST] No WiFi
2020-10-19 10:49:25,126 - INFO - [TEST] No WiFi
2020-10-19 10:49:25,230 - INFO - [TEST] No WiFi
2020-10-19 10:49:25,317 - INFO - [TEST] No WiFi
2020-10-19 10:49:25,404 - INFO - [TEST] No WiFi
2020-10-19 10:49:25,490 - INFO - [TEST] No WiFi
2020-10-19 10:49:25,577 - INFO - [TEST] No WiFi
2020-10-19 10:49:25,663 - INFO - [TEST] No WiFi
2020-10-19 10:49:25,751 - INFO - [TEST] No WiFi
2020-10-19 10:49:25,840 - INFO - [TEST] No WiFi
2020-10-19 10:49:25,927 - INFO - [TEST] No WiFi
2020-10-19 10:49:26,014 - INFO - [TEST] No WiFi
2020-10-19 10:49:26,101 - INFO - [TEST] No WiFi
2020-10-19 10:49:26,188 - INFO - [TEST] No WiFi
2020-10-19 10:49:26,275 - INFO - [TEST] No WiFi
2020-10-19 10:49:26,363 - INFO - [TEST] No WiFi
2020-10-19 10:49:26,450 - INFO - [TEST] No WiFi
2020-10-19 10:49:26,537 - INFO - [TEST] No WiFi
2020-10-19 10:49:26,626 - INFO - [TEST] No WiFi
2020-10-19 10:49:26,713 - INFO - [TEST] No WiFi
2020-10-19 10:49:26,799 - INFO - [TEST] No WiFi
2020-10-19 10:49:26,887 - INFO - [TEST] No WiFi
2020-10-19 10:49:26,975 - INFO - [TEST] No WiFi
2020-10-19 10:49:27,062 - INFO - [TEST] No WiFi
2020-10-19 10:49:27,150 - INFO - [TEST] No WiFi
2020-10-19 10:49:27,238 - INFO - [TEST] No WiFi
2020-10-19 10:49:27,326 - INFO - [TEST] No WiFi
2020-10-19 10:49:27,414 - INFO - [TEST] No WiFi
2020-10-19 10:49:27,502 - INFO - [TEST] No WiFi
2020-10-19 10:49:27,590 - INFO - [TEST] No WiFi
2020-10-19 10:49:27,676 - INFO - [TEST] No WiFi
2020-10-19 10:49:27,764 - INFO - [TEST] No WiFi
2020-10-19 10:49:27,852 - INFO - [TEST] No WiFi
2020-10-19 10:49:27,940 - INFO - [TEST] No WiFi
2020-10-19 10:49:28,028 - INFO - [TEST] No WiFi
2020-10-19 10:49:28,115 - INFO - [TEST] No WiFi
2020-10-19 10:49:28,204 - INFO - [TEST] No WiFi
2020-10-19 10:49:28,292 - INFO - [TEST] No WiFi
2020-10-19 10:49:28,379 - INFO - [TEST] No WiFi
2020-10-19 10:49:28,466 - INFO - [TEST] No WiFi
2020-10-19 10:49:28,553 - INFO - [TEST] No WiFi
2020-10-19 10:49:28,639 - INFO - [TEST] No WiFi
2020-10-19 10:49:28,726 - INFO - [TEST] No WiFi
2020-10-19 10:49:28,815 - INFO - [TEST] No WiFi
2020-10-19 10:49:28,902 - INFO - [TEST] No WiFi
2020-10-19 10:49:28,989 - INFO - [TEST] No WiFi
2020-10-19 10:49:29,076 - INFO - [TEST] No WiFi
2020-10-19 10:49:29,163 - INFO - [TEST] No WiFi
2020-10-19 10:49:29,252 - INFO - [TEST] No WiFi
2020-10-19 10:49:29,338 - INFO - [TEST] No WiFi
2020-10-19 10:49:29,425 - INFO - [TEST] No WiFi
2020-10-19 10:49:29,513 - INFO - [TEST] No WiFi
2020-10-19 10:49:29,599 - INFO - [TEST] No WiFi
2020-10-19 10:49:29,688 - INFO - [TEST] No WiFi
2020-10-19 10:49:29,775 - INFO - [TEST] No WiFi
2020-10-19 10:49:29,865 - INFO - [TEST] No WiFi
2020-10-19 10:49:29,952 - INFO - [TEST] No WiFi
2020-10-19 10:49:30,038 - INFO - [TEST] No WiFi
2020-10-19 10:49:30,127 - INFO - [TEST] No WiFi
2020-10-19 10:49:30,217 - INFO - [TEST] No WiFi
2020-10-19 10:49:30,304 - INFO - [TEST] No WiFi
2020-10-19 10:49:30,393 - INFO - [TEST] No WiFi
2020-10-19 10:49:30,480 - INFO - [TEST] No WiFi
2020-10-19 10:49:30,569 - INFO - [TEST] No WiFi
2020-10-19 10:49:30,657 - INFO - [TEST] No WiFi
2020-10-19 10:49:30,745 - INFO - [TEST] No WiFi
2020-10-19 10:49:30,832 - INFO - [TEST] No WiFi
2020-10-19 10:49:30,920 - INFO - [TEST] No WiFi
2020-10-19 10:49:31,011 - INFO - [TEST] No WiFi
2020-10-19 10:49:31,099 - INFO - [TEST] No WiFi
2020-10-19 10:49:31,187 - INFO - [TEST] No WiFi
2020-10-19 10:49:31,274 - INFO - [TEST] No WiFi
2020-10-19 10:49:31,362 - INFO - [TEST] No WiFi
2020-10-19 10:49:31,449 - INFO - [TEST] No WiFi
2020-10-19 10:49:31,537 - INFO - [TEST] No WiFi
2020-10-19 10:49:31,626 - INFO - [TEST] No WiFi
2020-10-19 10:49:31,713 - INFO - [TEST] No WiFi
2020-10-19 10:49:31,801 - INFO - [TEST] No WiFi
2020-10-19 10:49:31,889 - INFO - [TEST] No WiFi
2020-10-19 10:49:31,980 - INFO - [TEST] No WiFi
2020-10-19 10:49:32,069 - INFO - [TEST] No WiFi
2020-10-19 10:49:32,156 - INFO - [TEST] No WiFi
2020-10-19 10:49:32,248 - INFO - [TEST] No WiFi
2020-10-19 10:49:32,353 - INFO - [TEST] No WiFi
2020-10-19 10:49:32,456 - INFO - [TEST] No WiFi
2020-10-19 10:49:32,546 - INFO - [TEST] No WiFi
2020-10-19 14:50:01,697 - INFO - [TEST] OpenCV(4.1.1) /home/nvidia/host/build_opencv/nv_opencv/modules/imgcodecs/src/loadsave.cpp:726: error: (-215:Assertion failed) !buf.empty() in function 'imdecode_'

2020-10-19 14:56:41,726 - INFO - [TEST] [Errno 104] Connection reset by peer
2020-10-19 15:42:56,655 - INFO - [TEST] [Errno 104] Connection reset by peer
2020-10-19 15:42:59,027 - INFO - [TEST] <urlopen error timed out>
2020-10-19 15:43:54,740 - INFO - [TEST] timed out
2020-10-20 10:43:15,203 - INFO - [TEST] Disconnect
2020-10-20 14:51:55,616 - INFO - [TEST] Disconnect
2020-10-22 16:59:56,581 - INFO - [TEST] Disconnect
2020-10-22 16:59:58,090 - INFO - [TEST] Disconnect
2020-10-22 16:59:59,043 - INFO - [TEST] Disconnect
2020-10-22 16:59:59,924 - INFO - [TEST] Disconnect
2020-10-22 17:00:32,131 - INFO - [TEST] Disconnect
2020-10-22 17:11:08,155 - INFO - [TEST] Disconnect
2020-10-22 17:11:11,124 - INFO - [TEST] Disconnect
2020-10-22 17:12:21,628 - INFO - [TEST] Disconnect
2020-10-22 17:52:37,494 - INFO - [TEST] Disconnect
2020-10-22 17:52:46,224 - INFO - [TEST] Disconnect
2020-10-22 17:53:13,500 - INFO - [TEST] Disconnect
2020-10-22 17:53:17,816 - INFO - [TEST] Disconnect
2020-10-22 17:53:23,729 - INFO - [TEST] Disconnect
2020-10-22 17:53:52,300 - INFO - [TEST] Disconnect
2020-10-22 17:53:56,276 - INFO - [TEST] Disconnect
2020-10-22 17:57:41,508 - INFO - [TEST] Disconnect
2020-10-22 17:59:47,649 - INFO - [TEST] Disconnect
2020-10-22 18:15:50,489 - INFO - [TEST] Disconnect
2020-10-22 18:16:04,979 - INFO - [TEST] Disconnect
2020-10-23 09:47:04,320 - INFO - [TEST] Disconnect
2020-10-23 09:48:05,384 - INFO - [TEST] Disconnect
2020-10-23 10:21:04,195 - INFO - [TEST] Disconnect
2020-10-23 10:30:06,399 - INFO - [TEST] Disconnect
